0 info it worked if it ends with ok
1 verbose cli [ '/usr/local/Cellar/node/9.6.1/bin/node',
1 verbose cli   '/users/jjblack/.npm-packages/bin/npm',
1 verbose cli   'run',
1 verbose cli   'deploy' ]
2 info using npm@3.8.7
3 info using node@v9.6.1
4 verbose run-script [ 'predeploy', 'deploy', 'postdeploy' ]
5 info lifecycle gatsby-starter-default@1.0.0~predeploy: gatsby-starter-default@1.0.0
6 silly lifecycle gatsby-starter-default@1.0.0~predeploy: no script for predeploy, continuing
7 info lifecycle gatsby-starter-default@1.0.0~deploy: gatsby-starter-default@1.0.0
8 verbose lifecycle gatsby-starter-default@1.0.0~deploy: unsafe-perm in lifecycle true
9 verbose lifecycle gatsby-starter-default@1.0.0~deploy: PATH: /users/jjblack/.npm-packages/lib/node_modules/npm/bin/node-gyp-bin:/Users/jjblack/Development/gatsby-blog/node_modules/.bin:/usr/local/Cellar/node/9.6.1/bin:/Users/jjblack/.yarn/bin:/usr/local/lib/ruby/gems/2.0.0/bin:/users/jjblack/.npm-packages/bin:/usr/local/bin:/usr/local/bin:/usr/bin:/bin:/usr/sbin:/sbin:/opt/X11/bin:/Library/Frameworks/Mono.framework/Versions/Current/Commands:/usr/local/git/bin:/Users/jjblack/.yarn/bin:/usr/local/lib/ruby/gems/2.0.0/bin:/users/jjblack/.npm-packages/bin
10 verbose lifecycle gatsby-starter-default@1.0.0~deploy: CWD: /Users/jjblack/Development/gatsby-blog
11 silly lifecycle gatsby-starter-default@1.0.0~deploy: Args: [ '-c', 'gatsby build --prefix-paths && gh-pages -d public' ]
12 silly lifecycle gatsby-starter-default@1.0.0~deploy: Returned: code: 1  signal: null
13 info lifecycle gatsby-starter-default@1.0.0~deploy: Failed to exec deploy script
14 verbose stack Error: gatsby-starter-default@1.0.0 deploy: `gatsby build --prefix-paths && gh-pages -d public`
14 verbose stack Exit status 1
14 verbose stack     at EventEmitter.<anonymous> (/users/jjblack/.npm-packages/lib/node_modules/npm/lib/utils/lifecycle.js:244:16)
14 verbose stack     at EventEmitter.emit (events.js:127:13)
14 verbose stack     at ChildProcess.<anonymous> (/users/jjblack/.npm-packages/lib/node_modules/npm/lib/utils/spawn.js:24:14)
14 verbose stack     at ChildProcess.emit (events.js:127:13)
14 verbose stack     at maybeClose (internal/child_process.js:933:16)
14 verbose stack     at Process.ChildProcess._handle.onexit (internal/child_process.js:220:5)
15 verbose pkgid gatsby-starter-default@1.0.0
16 verbose cwd /Users/jjblack/Development/gatsby-blog
17 error Darwin 17.4.0
18 error argv "/usr/local/Cellar/node/9.6.1/bin/node" "/users/jjblack/.npm-packages/bin/npm" "run" "deploy"
19 error node v9.6.1
20 error npm  v3.8.7
21 error code ELIFECYCLE
22 error gatsby-starter-default@1.0.0 deploy: `gatsby build --prefix-paths && gh-pages -d public`
22 error Exit status 1
23 error Failed at the gatsby-starter-default@1.0.0 deploy script 'gatsby build --prefix-paths && gh-pages -d public'.
23 error Make sure you have the latest version of node.js and npm installed.
23 error If you do, this is most likely a problem with the gatsby-starter-default package,
23 error not with npm itself.
23 error Tell the author that this fails on your system:
23 error     gatsby build --prefix-paths && gh-pages -d public
23 error You can get information on how to open an issue for this project with:
23 error     npm bugs gatsby-starter-default
23 error Or if that isn't available, you can get their info via:
23 error     npm owner ls gatsby-starter-default
23 error There is likely additional logging output above.
24 verbose exit [ 1, true ]
